-------------------BEGIN--------------------
ОС:          Windows 10 Pro
Сборка:      22631
Версия:      23H2
Код ОС:      6.3
Архитектура: x64
--------------------------------------------
Активатор извлечён.
Активатор инициализирован.
Файл "EuCfg.bin" не найден.
Файл "Configure.dat" не найден.
Файл "fefe7b8f3862ba4dac.bin" не найден.
Основной хэндл активатора найден.
Хэндл кнопки активации найден.
Хэндл выбора папки не найден.
Хэндл строки пути не найден.
Хэндл кнопки "OK" не найден.
Файл "fefe7b8f3862ba4dac.bin" не создан!
Файл "EuCfg.bin" не создан!
Файл "Configure.dat" не создан!
Активатор закрыт.
Активатор удалён.
Файл hosts чист.
-------------------END----------------------